#
# A fatal error has been detected by the Java Runtime Environment:
#
#  SIGSEGV (0xb) at pc=0x000000010d40b62c, pid=1320, tid=16643
#
# JRE version: Java(TM) SE Runtime Environment (8.0_05-b13) (build 1.8.0_05-b13)
# Java VM: Java HotSpot(TM) 64-Bit Server VM (25.5-b02 mixed mode bsd-amd64 compressed oops)
# Problematic frame:
# V  [libjvm.dylib+0x40b62c]
#
# Failed to write core dump. Core dumps have been disabled. To enable core dumping, try "ulimit -c unlimited" before starting Java again
#
# If you would like to submit a bug report, please visit:
#   http://bugreport.sun.com/bugreport/crash.jsp
#

---------------  T H R E A D  ---------------

Current thread (0x00007fe33c012000):  JavaThread "JDWP Transport Listener: dt_socket" daemon [_thread_in_vm, id=16643, stack(0x000000012585d000,0x000000012595d000)]

siginfo:si_signo=SIGSEGV: si_errno=0, si_code=0 (SEGV0), si_addr=0x0000000000000000

Registers:
RAX=0x0000000000000001, RBX=0x000000012595ca8b, RCX=0x000000010d7af780, RDX=0x000000012595ca8b
RSP=0x000000012595c9d0, RBP=0x000000012595c9e0, RSI=0x00007fe33c012000, RDI=0x3b003b003b746e65
R8 =0x0000000000000000, R9 =0x00007fe33ae00000, R10=0x0000000000000010, R11=0x00007fe33ae00000
R12=0x00007fe33c012000, R13=0x3b003b003b746e65, R14=0x3b003b003b746e65, R15=0x00007fe33af01c40
RIP=0x000000010d40b62c, EFLAGS=0x0000000000010206, ERR=0x0000000000000000
  TRAPNO=0x000000000000000d

Top of Stack: (sp=0x000000012595c9d0)
0x000000012595c9d0:   000000012595ca8b 000000012595ca8b
0x000000012595c9e0:   000000012595ca40 000000010d32497a
0x000000012595c9f0:   00007fe33c012000 0000000000000000
0x000000012595ca00:   0000000000000000 0000000000000000
0x000000012595ca10:   00007fe33c012000 00007fe33c012000
0x000000012595ca20:   000000012595ca8b 000000012595ca90
0x000000012595ca30:   3b003b003b746e65 0000000000000004
0x000000012595ca40:   000000012595ca60 000000010c7997dc
0x000000012595ca50:   0000000000000001 000000012595cb08
0x000000012595ca60:   000000012595cad0 000000010c77e263
0x000000012595ca70:   000000012595caa0 00007fe33ae05770
0x000000012595ca80:   0000000600000032 0000000a0095cb08
0x000000012595ca90:   0000000000000000 0000000000000000
0x000000012595caa0:   0000000000000000 000000012595cc90
0x000000012595cab0:   000000010c7a0eca 00007fe33ae05750
0x000000012595cac0:   000000012595cb08 000000010c7ac588
0x000000012595cad0:   000000012595cae0 000000010c77e35c
0x000000012595cae0:   000000012595cd00 000000010c7878f6
0x000000012595caf0:   0000298400000013 00000000000f0200
0x000000012595cb00:   00007fe33ae01450 000000012595cc21
0x000000012595cb10:   00007fe300000063 000000012595cb20
0x000000012595cb20:   00007fe3000000c9 000000012595cb58
0x000000012595cb30:   0000000000000000 00007f0000000000
0x000000012595cb40:   000029840000001c 00007fff00004f80
0x000000012595cb50:   000000012595cb58 e37f000006000000
0x000000012595cb60:   06000000006bd13a 00003e74696e693c
0x000000012595cb70:   0000005629280300 7f00000100000000
0x000000012595cb80:   000000086bd13ae3 0000006e69616d04
0x000000012595cb90:   6176616a4c5b2816 74532f676e616c2f
0x000000012595cba0:   0056293b676e6972 0009000000000000
0x000000012595cbb0:   00206bd13ae37f00 6b636568630b0000
0x000000012595cbc0:   0000737361506649 6176616a4c281500 

Instructions: (pc=0x000000010d40b62c)
0x000000010d40b60c:   40 48 48 85 c0 75 e0 30 c0 0f b6 c0 5d c3 31 c0
0x000000010d40b61c:   5d c3 55 48 89 e5 53 48 83 ec 08 48 85 ff 74 24
0x000000010d40b62c:   48 8b 1f 48 85 db 74 1c 48 83 fb 37 74 16 48 8b
0x000000010d40b63c:   03 48 89 df ff 50 08 84 c0 b8 00 00 00 00 48 0f 

Register to memory mapping:

RAX=0x0000000000000001 is an unknown value
RBX=0x000000012595ca8b is pointing into the stack for thread: 0x00007fe33c012000
RCX=0x000000010d7af780: UseMembar+0 in /Library/Java/JavaVirtualMachines/jdk1.8.0_05.jdk/Contents/Home/jre/lib/server/libjvm.dylib at 0x000000010d000000
RDX=0x000000012595ca8b is pointing into the stack for thread: 0x00007fe33c012000
RSP=0x000000012595c9d0 is pointing into the stack for thread: 0x00007fe33c012000
RBP=0x000000012595c9e0 is pointing into the stack for thread: 0x00007fe33c012000
RSI=0x00007fe33c012000 is a thread
RDI=0x3b003b003b746e65 is an unknown value
R8 =0x0000000000000000 is an unknown value
R9 =0x00007fe33ae00000 is an unknown value
R10=0x0000000000000010 is an unknown value
R11=0x00007fe33ae00000 is an unknown value
R12=0x00007fe33c012000 is a thread
R13=0x3b003b003b746e65 is an unknown value
R14=0x3b003b003b746e65 is an unknown value
R15=0x00007fe33af01c40 is an unknown value


Stack: [0x000000012585d000,0x000000012595d000],  sp=0x000000012595c9d0,  free space=1022k
Native frames: (J=compiled Java code, j=interpreted, Vv=VM code, C=native code)
V  [libjvm.dylib+0x40b62c]
V  [libjvm.dylib+0x32497a]
C  [libjdwp.dylib+0x207dc]  isMethodSynthetic+0x63
C  [libjdwp.dylib+0x5263]  methods1+0x10b
C  [libjdwp.dylib+0x535c]  methodsWithGeneric+0xe
C  [libjdwp.dylib+0xe8f6]  debugLoop_run+0x1ce
C  [libjdwp.dylib+0x1f716]  attachThread+0x4d
V  [libjvm.dylib+0x3659ea]
V  [libjvm.dylib+0x51ccf5]
V  [libjvm.dylib+0x51e432]
V  [libjvm.dylib+0x445426]
C  [libsystem_pthread.dylib+0x3268]  _pthread_body+0x83
C  [libsystem_pthread.dylib+0x31e5]  _pthread_body+0x0
C  [libsystem_pthread.dylib+0x141d]  thread_start+0xd


---------------  P R O C E S S  ---------------

Java Threads: ( => current thread )
  0x00007fe33b800800 JavaThread "Service Thread" daemon [_thread_blocked, id=19715, stack(0x0000000125e6f000,0x0000000125f6f000)]
  0x00007fe33c814800 JavaThread "C1 CompilerThread2" daemon [_thread_blocked, id=19203, stack(0x0000000125d6c000,0x0000000125e6c000)]
  0x00007fe33c823000 JavaThread "C2 CompilerThread1" daemon [_thread_blocked, id=18691, stack(0x0000000125c69000,0x0000000125d69000)]
  0x00007fe33b039800 JavaThread "C2 CompilerThread0" daemon [_thread_blocked, id=18179, stack(0x0000000125b66000,0x0000000125c66000)]
  0x00007fe33c012800 JavaThread "JDWP Command Reader" daemon [_thread_in_native, id=17667, stack(0x0000000125a63000,0x0000000125b63000)]
  0x00007fe33c821800 JavaThread "JDWP Event Helper Thread" daemon [_thread_blocked, id=17155, stack(0x0000000125960000,0x0000000125a60000)]
=>0x00007fe33c012000 JavaThread "JDWP Transport Listener: dt_socket" daemon [_thread_in_vm, id=16643, stack(0x000000012585d000,0x000000012595d000)]
  0x00007fe33b036000 JavaThread "Signal Dispatcher" daemon [_thread_blocked, id=13331, stack(0x0000000125753000,0x0000000125853000)]
  0x00007fe33b02a800 JavaThread "Finalizer" daemon [_thread_blocked, id=11523, stack(0x0000000123e12000,0x0000000123f12000)]
  0x00007fe33b02a000 JavaThread "Reference Handler" daemon [_thread_blocked, id=11011, stack(0x0000000123d0f000,0x0000000123e0f000)]
  0x00007fe33b801800 JavaThread "main" [_thread_blocked, id=4867, stack(0x000000010c634000,0x000000010c734000)]

Other Threads:
  0x00007fe33b025000 VMThread [stack: 0x0000000123c0c000,0x0000000123d0c000] [id=10499]
  0x00007fe33b844800 WatcherThread [stack: 0x0000000125f72000,0x0000000126072000] [id=20227]

VM state:not at safepoint (normal execution)

VM Mutex/Monitor currently owned by a thread: None

Heap:
 PSYoungGen      total 1024K, used 991K [0x0000000795580000, 0x0000000795700000, 0x00000007c0000000)
  eden space 512K, 99% used [0x0000000795580000,0x00000007955fffc0,0x0000000795600000)
  from space 512K, 93% used [0x0000000795600000,0x0000000795678020,0x0000000795680000)
  to   space 512K, 0% used [0x0000000795680000,0x0000000795680000,0x0000000795700000)
 ParOldGen       total 129536K, used 8K [0x0000000740000000, 0x0000000747e80000, 0x0000000795580000)
  object space 129536K, 0% used [0x0000000740000000,0x0000000740002000,0x0000000747e80000)
 Metaspace       used 3559K, capacity 4602K, committed 4864K, reserved 1056768K
  class space    used 403K, capacity 426K, committed 512K, reserved 1048576K

Card table byte_map: [0x000000011d280000,0x000000011d681000] byte_map_base: 0x0000000119880000

Marking Bits: (ParMarkBitMap*) 0x000000010d8660a0
 Begin Bits: [0x000000011dd38000, 0x000000011fd38000)
 End Bits:   [0x000000011fd38000, 0x0000000121d38000)

Polling page: 0x000000010c778000

CodeCache: size=245760Kb used=1203Kb max_used=1214Kb free=244556Kb
 bounds [0x000000010dec0000, 0x000000010e130000, 0x000000011cec0000]
 total_blobs=311 nmethods=68 adapters=167
 compilation: enabled

Compilation events (10 events):
Event: 0.188 Thread 0x00007fe33c814800   64       3       java.util.regex.Pattern::next (33 bytes)
Event: 0.188 Thread 0x00007fe33c814800 nmethod 64 0x000000010dfeb5d0 code [0x000000010dfeb740, 0x000000010dfeba08]
Event: 0.188 Thread 0x00007fe33c814800   65       1       java.util.regex.Pattern::flags (5 bytes)
Event: 0.188 Thread 0x00007fe33c814800 nmethod 65 0x000000010dfebb50 code [0x000000010dfebca0, 0x000000010dfebdb0]
Event: 0.190 Thread 0x00007fe33b039800   67       4       java.lang.String::hashCode (55 bytes)
Event: 0.190 Thread 0x00007fe33c814800   66       1       java.nio.Buffer::position (5 bytes)
Event: 0.190 Thread 0x00007fe33c814800 nmethod 66 0x000000010dfec210 code [0x000000010dfec360, 0x000000010dfec470]
Event: 0.190 Thread 0x00007fe33c814800   68       3       java.lang.AbstractStringBuilder::<init> (12 bytes)
Event: 0.190 Thread 0x00007fe33c814800 nmethod 68 0x000000010dfec4d0 code [0x000000010dfec640, 0x000000010dfec890]
Event: 0.192 Thread 0x00007fe33b039800 nmethod 67 0x000000010dfef6d0 code [0x000000010dfef820, 0x000000010dfef9b8]

GC Heap History (2 events):
Event: 0.135 GC heap before
{Heap before GC invocations=1 (full 0):
 PSYoungGen      total 1024K, used 512K [0x0000000795580000, 0x0000000795700000, 0x00000007c0000000)
  eden space 512K, 100% used [0x0000000795580000,0x0000000795600000,0x0000000795600000)
  from space 512K, 0% used [0x0000000795680000,0x0000000795680000,0x0000000795700000)
  to   space 512K, 0% used [0x0000000795600000,0x0000000795600000,0x0000000795680000)
 ParOldGen       total 129536K, used 0K [0x0000000740000000, 0x0000000747e80000, 0x0000000795580000)
  object space 129536K, 0% used [0x0000000740000000,0x0000000740000000,0x0000000747e80000)
 Metaspace       used 2519K, capacity 4480K, committed 4480K, reserved 1056768K
  class space    used 268K, capacity 384K, committed 384K, reserved 1048576K
Event: 0.136 GC heap after
Heap after GC invocations=1 (full 0):
 PSYoungGen      total 1024K, used 480K [0x0000000795580000, 0x0000000795700000, 0x00000007c0000000)
  eden space 512K, 0% used [0x0000000795580000,0x0000000795580000,0x0000000795600000)
  from space 512K, 93% used [0x0000000795600000,0x0000000795678020,0x0000000795680000)
  to   space 512K, 0% used [0x0000000795680000,0x0000000795680000,0x0000000795700000)
 ParOldGen       total 129536K, used 8K [0x0000000740000000, 0x0000000747e80000, 0x0000000795580000)
  object space 129536K, 0% used [0x0000000740000000,0x0000000740002000,0x0000000747e80000)
 Metaspace       used 2519K, capacity 4480K, committed 4480K, reserved 1056768K
  class space    used 268K, capacity 384K, committed 384K, reserved 1048576K
}

Deoptimization events (0 events):
No events

Internal exceptions (9 events):
Event: 0.034 Thread 0x00007fe33b801800 Exception <a 'java/lang/NoSuchMethodError': Method sun.misc.Unsafe.defineClass(Ljava/lang/String;[BII)Ljava/lang/Class; name or signature does not match> (0x00000007955948b8) thrown at [/HUDSON/workspace/8-2-build-macosx-x86_64/jdk8u5/2488/hotspot/src/sha
Event: 0.034 Thread 0x00007fe33b801800 Exception <a 'java/lang/NoSuchMethodError': Method sun.misc.Unsafe.prefetchRead(Ljava/lang/Object;J)V name or signature does not match> (0x0000000795594b48) thrown at [/HUDSON/workspace/8-2-build-macosx-x86_64/jdk8u5/2488/hotspot/src/share/vm/prims/jni.cp
Event: 0.146 Thread 0x00007fe33b801800 Exception <a 'java/security/PrivilegedActionException'> (0x00000007955a3aa8) thrown at [/HUDSON/workspace/8-2-build-macosx-x86_64/jdk8u5/2488/hotspot/src/share/vm/prims/jvm.cpp, line 1248]
Event: 0.173 Thread 0x00007fe33b801800 Exception <a 'java/security/PrivilegedActionException'> (0x00000007955d3f20) thrown at [/HUDSON/workspace/8-2-build-macosx-x86_64/jdk8u5/2488/hotspot/src/share/vm/prims/jvm.cpp, line 1248]
Event: 0.173 Thread 0x00007fe33b801800 Exception <a 'java/security/PrivilegedActionException'> (0x00000007955d4268) thrown at [/HUDSON/workspace/8-2-build-macosx-x86_64/jdk8u5/2488/hotspot/src/share/vm/prims/jvm.cpp, line 1248]
Event: 0.174 Thread 0x00007fe33b801800 Exception <a 'java/security/PrivilegedActionException'> (0x00000007955d76a8) thrown at [/HUDSON/workspace/8-2-build-macosx-x86_64/jdk8u5/2488/hotspot/src/share/vm/prims/jvm.cpp, line 1248]
Event: 0.174 Thread 0x00007fe33b801800 Exception <a 'java/security/PrivilegedActionException'> (0x00000007955d79f0) thrown at [/HUDSON/workspace/8-2-build-macosx-x86_64/jdk8u5/2488/hotspot/src/share/vm/prims/jvm.cpp, line 1248]
Event: 0.183 Thread 0x00007fe33b801800 Exception <a 'java/security/PrivilegedActionException'> (0x00000007955ec078) thrown at [/HUDSON/workspace/8-2-build-macosx-x86_64/jdk8u5/2488/hotspot/src/share/vm/prims/jvm.cpp, line 1248]
Event: 0.183 Thread 0x00007fe33b801800 Exception <a 'java/security/PrivilegedActionException'> (0x00000007955ed420) thrown at [/HUDSON/workspace/8-2-build-macosx-x86_64/jdk8u5/2488/hotspot/src/share/vm/prims/jvm.cpp, line 1248]

Events (10 events):
Event: 491.090 Executing VM operation: GetCurrentLocation
Event: 491.090 Executing VM operation: GetCurrentLocation done
Event: 491.090 Executing VM operation: EnterInterpOnlyMode
Event: 491.090 Executing VM operation: EnterInterpOnlyMode done
Event: 491.090 Executing VM operation: ChangeSingleStep
Event: 491.090 Executing VM operation: ChangeSingleStep done
Event: 491.090 Executing VM operation: ChangeSingleStep
Event: 491.090 Executing VM operation: ChangeSingleStep done
Event: 491.093 Executing VM operation: RedefineClasses
Event: 491.093 Executing VM operation: RedefineClasses done


Dynamic libraries:
0x0000000004102000 	/System/Library/Frameworks/Cocoa.framework/Versions/A/Cocoa
0x0000000004102000 	/System/Library/Frameworks/Security.framework/Versions/A/Security
0x0000000004102000 	/System/Library/Frameworks/ApplicationServices.framework/Versions/A/ApplicationServices
0x0000000004102000 	/usr/lib/libz.1.dylib
0x0000000004102000 	/usr/lib/libSystem.B.dylib
0x0000000004102000 	/usr/lib/libobjc.A.dylib
0x0000000004102000 	/System/Library/Frameworks/CoreFoundation.framework/Versions/A/CoreFoundation
0x0000000004102000 	/System/Library/Frameworks/Foundation.framework/Versions/C/Foundation
0x0000000004102000 	/System/Library/Frameworks/AppKit.framework/Versions/C/AppKit
0x0000000004102000 	/System/Library/Frameworks/CoreData.framework/Versions/A/CoreData
0x0000000004102000 	/System/Library/PrivateFrameworks/RemoteViewServices.framework/Versions/A/RemoteViewServices
0x0000000004102000 	/System/Library/PrivateFrameworks/UIFoundation.framework/Versions/A/UIFoundation
0x0000000004102000 	/System/Library/Frameworks/IOSurface.framework/Versions/A/IOSurface
0x0000000004102000 	/System/Library/Frameworks/AudioToolbox.framework/Versions/A/AudioToolbox
0x0000000004102000 	/System/Library/Frameworks/AudioUnit.framework/Versions/A/AudioUnit
0x0000000004102000 	/System/Library/PrivateFrameworks/DataDetectorsCore.framework/Versions/A/DataDetectorsCore
0x0000000004102000 	/System/Library/PrivateFrameworks/DesktopServicesPriv.framework/Versions/A/DesktopServicesPriv
0x0000000004102000 	/System/Library/Frameworks/Carbon.framework/Versions/A/Frameworks/HIToolbox.framework/Versions/A/HIToolbox
0x0000000004102000 	/System/Library/Frameworks/QuartzCore.framework/Versions/A/QuartzCore
0x0000000004102000 	/System/Library/Frameworks/Carbon.framework/Versions/A/Frameworks/SpeechRecognition.framework/Versions/A/SpeechRecognition
0x0000000004102000 	/usr/lib/libauto.dylib
0x0000000004102000 	/usr/lib/libicucore.A.dylib
0x0000000004102000 	/usr/lib/libxml2.2.dylib
0x0000000004102000 	/System/Library/PrivateFrameworks/CoreUI.framework/Versions/A/CoreUI
0x0000000004102000 	/System/Library/Frameworks/CoreAudio.framework/Versions/A/CoreAudio
0x0000000004102000 	/System/Library/Frameworks/DiskArbitration.framework/Versions/A/DiskArbitration
0x0000000004102000 	/usr/lib/liblangid.dylib
0x0000000004102000 	/System/Library/PrivateFrameworks/MultitouchSupport.framework/Versions/A/MultitouchSupport
0x0000000004102000 	/System/Library/Frameworks/IOKit.framework/Versions/A/IOKit
0x0000000004102000 	/usr/lib/libDiagnosticMessagesClient.dylib
0x0000000004102000 	/System/Library/Frameworks/CoreServices.framework/Versions/A/CoreServices
0x0000000004102000 	/System/Library/PrivateFrameworks/PerformanceAnalysis.framework/Versions/A/PerformanceAnalysis
0x0000000004102000 	/System/Library/PrivateFrameworks/GenerationalStorage.framework/Versions/A/GenerationalStorage
0x0000000004102000 	/System/Library/Frameworks/OpenGL.framework/Versions/A/OpenGL
0x0000000004102000 	/System/Library/PrivateFrameworks/Sharing.framework/Versions/A/Sharing
0x0000000004102000 	/System/Library/Frameworks/CoreGraphics.framework/Versions/A/CoreGraphics
0x0000000004102000 	/System/Library/Frameworks/CoreText.framework/Versions/A/CoreText
0x0000000004102000 	/System/Library/Frameworks/ImageIO.framework/Versions/A/ImageIO
0x0000000004102000 	/usr/lib/libextension.dylib
0x0000000004102000 	/System/Library/PrivateFrameworks/Backup.framework/Versions/A/Backup
0x0000000004102000 	/usr/lib/libarchive.2.dylib
0x0000000004102000 	/System/Library/Frameworks/CFNetwork.framework/Versions/A/CFNetwork
0x0000000004102000 	/System/Library/Frameworks/SystemConfiguration.framework/Versions/A/SystemConfiguration
0x0000000004102000 	/usr/lib/libCRFSuite.dylib
0x0000000004102000 	/usr/lib/libc++.1.dylib
0x0000000004102000 	/usr/lib/libc++abi.dylib
0x0000000004102000 	/usr/lib/system/libcache.dylib
0x0000000004102000 	/usr/lib/system/libcommonCrypto.dylib
0x0000000004102000 	/usr/lib/system/libcompiler_rt.dylib
0x0000000004102000 	/usr/lib/system/libcopyfile.dylib
0x0000000004102000 	/usr/lib/system/libcorecrypto.dylib
0x0000000004102000 	/usr/lib/system/libdispatch.dylib
0x0000000004102000 	/usr/lib/system/libdyld.dylib
0x0000000004102000 	/usr/lib/system/libkeymgr.dylib
0x0000000004102000 	/usr/lib/system/liblaunch.dylib
0x0000000004102000 	/usr/lib/system/libmacho.dylib
0x0000000004102000 	/usr/lib/system/libquarantine.dylib
0x0000000004102000 	/usr/lib/system/libremovefile.dylib
0x0000000004102000 	/usr/lib/system/libsystem_asl.dylib
0x0000000004102000 	/usr/lib/system/libsystem_blocks.dylib
0x0000000004102000 	/usr/lib/system/libsystem_c.dylib
0x0000000004102000 	/usr/lib/system/libsystem_configuration.dylib
0x0000000004102000 	/usr/lib/system/libsystem_coreservices.dylib
0x0000000004102000 	/usr/lib/system/libsystem_coretls.dylib
0x0000000004102000 	/usr/lib/system/libsystem_dnssd.dylib
0x0000000004102000 	/usr/lib/system/libsystem_info.dylib
0x0000000004102000 	/usr/lib/system/libsystem_kernel.dylib
0x0000000004102000 	/usr/lib/system/libsystem_m.dylib
0x0000000004102000 	/usr/lib/system/libsystem_malloc.dylib
0x0000000004102000 	/usr/lib/system/libsystem_network.dylib
0x0000000004102000 	/usr/lib/system/libsystem_networkextension.dylib
0x0000000004102000 	/usr/lib/system/libsystem_notify.dylib
0x0000000004102000 	/usr/lib/system/libsystem_platform.dylib
0x0000000004102000 	/usr/lib/system/libsystem_pthread.dylib
0x0000000004102000 	/usr/lib/system/libsystem_sandbox.dylib
0x0000000004102000 	/usr/lib/system/libsystem_secinit.dylib
0x0000000004102000 	/usr/lib/system/libsystem_stats.dylib
0x0000000004102000 	/usr/lib/system/libsystem_trace.dylib
0x0000000004102000 	/usr/lib/system/libunc.dylib
0x0000000004102000 	/usr/lib/system/libunwind.dylib
0x0000000004102000 	/usr/lib/system/libxpc.dylib
0x0000000004102000 	/usr/lib/libbz2.1.0.dylib
0x0000000004102000 	/usr/lib/liblzma.5.dylib
0x0000000004102000 	/usr/lib/libbsm.0.dylib
0x0000000004102000 	/usr/lib/libsqlite3.dylib
0x0000000004102000 	/usr/lib/system/libkxld.dylib
0x0000000004102000 	/usr/lib/libxar.1.dylib
0x0000000004102000 	/usr/lib/libpam.2.dylib
0x0000000004102000 	/usr/lib/libOpenScriptingUtil.dylib
0x0000000004102000 	/System/Library/Frameworks/CoreServices.framework/Versions/A/Frameworks/FSEvents.framework/Versions/A/FSEvents
0x0000000004102000 	/System/Library/Frameworks/CoreServices.framework/Versions/A/Frameworks/CarbonCore.framework/Versions/A/CarbonCore
0x0000000004102000 	/System/Library/Frameworks/CoreServices.framework/Versions/A/Frameworks/Metadata.framework/Versions/A/Metadata
0x0000000004102000 	/System/Library/Frameworks/CoreServices.framework/Versions/A/Frameworks/OSServices.framework/Versions/A/OSServices
0x0000000004102000 	/System/Library/Frameworks/CoreServices.framework/Versions/A/Frameworks/SearchKit.framework/Versions/A/SearchKit
0x0000000004102000 	/System/Library/Frameworks/CoreServices.framework/Versions/A/Frameworks/AE.framework/Versions/A/AE
0x0000000004102000 	/System/Library/Frameworks/CoreServices.framework/Versions/A/Frameworks/LaunchServices.framework/Versions/A/LaunchServices
0x0000000004102000 	/System/Library/Frameworks/CoreServices.framework/Versions/A/Frameworks/DictionaryServices.framework/Versions/A/DictionaryServices
0x0000000004102000 	/System/Library/Frameworks/NetFS.framework/Versions/A/NetFS
0x0000000004102000 	/System/Library/PrivateFrameworks/NetAuth.framework/Versions/A/NetAuth
0x0000000004102000 	/System/Library/PrivateFrameworks/login.framework/Versions/A/Frameworks/loginsupport.framework/Versions/A/loginsupport
0x0000000004102000 	/System/Library/PrivateFrameworks/TCC.framework/Versions/A/TCC
0x0000000004102000 	/usr/lib/libmecabra.dylib
0x0000000004102000 	/System/Library/Frameworks/ApplicationServices.framework/Versions/A/Frameworks/ATS.framework/Versions/A/ATS
0x0000000004102000 	/System/Library/Frameworks/ApplicationServices.framework/Versions/A/Frameworks/ColorSync.framework/Versions/A/ColorSync
0x0000000004102000 	/System/Library/Frameworks/ApplicationServices.framework/Versions/A/Frameworks/HIServices.framework/Versions/A/HIServices
0x0000000004102000 	/System/Library/Frameworks/ApplicationServices.framework/Versions/A/Frameworks/LangAnalysis.framework/Versions/A/LangAnalysis
0x0000000004102000 	/System/Library/Frameworks/ApplicationServices.framework/Versions/A/Frameworks/PrintCore.framework/Versions/A/PrintCore
0x0000000004102000 	/System/Library/Frameworks/ApplicationServices.framework/Versions/A/Frameworks/QD.framework/Versions/A/QD
0x0000000004102000 	/System/Library/Frameworks/ApplicationServices.framework/Versions/A/Frameworks/SpeechSynthesis.framework/Versions/A/SpeechSynthesis
0x0000000004102000 	/System/Library/Frameworks/Accelerate.framework/Versions/A/Accelerate
0x0000000004102000 	/System/Library/Frameworks/Accelerate.framework/Versions/A/Frameworks/vImage.framework/Versions/A/vImage
0x0000000004102000 	/System/Library/Frameworks/Accelerate.framework/Versions/A/Frameworks/vecLib.framework/Versions/A/vecLib
0x0000000004102000 	/System/Library/Frameworks/Accelerate.framework/Versions/A/Frameworks/vecLib.framework/Versions/A/libvDSP.dylib
0x0000000004102000 	/System/Library/Frameworks/Accelerate.framework/Versions/A/Frameworks/vecLib.framework/Versions/A/libvMisc.dylib
0x0000000004102000 	/System/Library/Frameworks/Accelerate.framework/Versions/A/Frameworks/vecLib.framework/Versions/A/libLAPACK.dylib
0x0000000004102000 	/System/Library/Frameworks/Accelerate.framework/Versions/A/Frameworks/vecLib.framework/Versions/A/libBLAS.dylib
0x0000000004102000 	/System/Library/Frameworks/Accelerate.framework/Versions/A/Frameworks/vecLib.framework/Versions/A/libLinearAlgebra.dylib
0x0000000004102000 	/System/Library/Frameworks/ApplicationServices.framework/Versions/A/Frameworks/ATS.framework/Versions/A/Resources/libFontParser.dylib
0x0000000004102000 	/System/Library/Frameworks/ApplicationServices.framework/Versions/A/Frameworks/ATS.framework/Versions/A/Resources/libFontRegistry.dylib
0x0000000004102000 	/System/Library/PrivateFrameworks/AppleVPA.framework/Versions/A/AppleVPA
0x0000000004102000 	/System/Library/PrivateFrameworks/AppleJPEG.framework/Versions/A/AppleJPEG
0x0000000004102000 	/System/Library/Frameworks/ImageIO.framework/Versions/A/Resources/libJPEG.dylib
0x0000000004102000 	/System/Library/Frameworks/ImageIO.framework/Versions/A/Resources/libTIFF.dylib
0x0000000004102000 	/System/Library/Frameworks/ImageIO.framework/Versions/A/Resources/libPng.dylib
0x0000000004102000 	/System/Library/Frameworks/ImageIO.framework/Versions/A/Resources/libGIF.dylib
0x0000000004102000 	/System/Library/Frameworks/ImageIO.framework/Versions/A/Resources/libJP2.dylib
0x0000000004102000 	/System/Library/Frameworks/ImageIO.framework/Versions/A/Resources/libRadiance.dylib
0x0000000004102000 	/System/Library/Frameworks/CoreVideo.framework/Versions/A/CoreVideo
0x0000000004102000 	/System/Library/Frameworks/OpenGL.framework/Versions/A/Libraries/libGLU.dylib
0x0000000004102000 	/System/Library/Frameworks/OpenGL.framework/Versions/A/Libraries/libGFXShared.dylib
0x0000000004102000 	/System/Library/Frameworks/OpenGL.framework/Versions/A/Libraries/libGL.dylib
0x0000000004102000 	/System/Library/Frameworks/OpenGL.framework/Versions/A/Libraries/libGLImage.dylib
0x0000000004102000 	/System/Library/Frameworks/OpenGL.framework/Versions/A/Libraries/libCVMSPluginSupport.dylib
0x0000000004102000 	/System/Library/Frameworks/OpenGL.framework/Versions/A/Libraries/libCoreVMClient.dylib
0x0000000004102000 	/usr/lib/libcups.2.dylib
0x0000000004102000 	/System/Library/Frameworks/Kerberos.framework/Versions/A/Kerberos
0x0000000004102000 	/System/Library/Frameworks/GSS.framework/Versions/A/GSS
0x0000000004102000 	/usr/lib/libresolv.9.dylib
0x0000000004102000 	/usr/lib/libiconv.2.dylib
0x0000000004102000 	/System/Library/PrivateFrameworks/Heimdal.framework/Versions/A/Heimdal
0x0000000004102000 	/usr/lib/libheimdal-asn1.dylib
0x0000000004102000 	/System/Library/Frameworks/OpenDirectory.framework/Versions/A/OpenDirectory
0x0000000004102000 	/System/Library/PrivateFrameworks/CommonAuth.framework/Versions/A/CommonAuth
0x0000000004102000 	/System/Library/Frameworks/OpenDirectory.framework/Versions/A/Frameworks/CFOpenDirectory.framework/Versions/A/CFOpenDirectory
0x0000000004102000 	/System/Library/Frameworks/SecurityFoundation.framework/Versions/A/SecurityFoundation
0x0000000004102000 	/System/Library/PrivateFrameworks/LanguageModeling.framework/Versions/A/LanguageModeling
0x0000000004102000 	/usr/lib/libcmph.dylib
0x0000000004102000 	/System/Library/Frameworks/ServiceManagement.framework/Versions/A/ServiceManagement
0x0000000004102000 	/usr/lib/libxslt.1.dylib
0x0000000004102000 	/System/Library/Frameworks/Carbon.framework/Versions/A/Frameworks/Ink.framework/Versions/A/Ink
0x0000000004102000 	/System/Library/Frameworks/QuartzCore.framework/Versions/A/Frameworks/CoreImage.framework/Versions/A/CoreImage
0x0000000004102000 	/System/Library/PrivateFrameworks/CrashReporterSupport.framework/Versions/A/CrashReporterSupport
0x0000000004102000 	/System/Library/Frameworks/OpenCL.framework/Versions/A/OpenCL
0x0000000004102000 	/System/Library/PrivateFrameworks/FaceCore.framework/Versions/A/FaceCore
0x0000000004102000 	/System/Library/PrivateFrameworks/Ubiquity.framework/Versions/A/Ubiquity
0x0000000004102000 	/System/Library/PrivateFrameworks/IconServices.framework/Versions/A/IconServices
0x0000000004102000 	/System/Library/PrivateFrameworks/ChunkingLibrary.framework/Versions/A/ChunkingLibrary
0x0000000004102000 	/System/Library/PrivateFrameworks/Apple80211.framework/Versions/A/Apple80211
0x0000000004102000 	/System/Library/Frameworks/CoreWLAN.framework/Versions/A/CoreWLAN
0x0000000004102000 	/System/Library/Frameworks/IOBluetooth.framework/Versions/A/IOBluetooth
0x0000000004102000 	/System/Library/PrivateFrameworks/CoreWiFi.framework/Versions/A/CoreWiFi
0x0000000004102000 	/System/Library/Frameworks/CoreBluetooth.framework/Versions/A/CoreBluetooth
0x0000000004102000 	/System/Library/PrivateFrameworks/DebugSymbols.framework/Versions/A/DebugSymbols
0x0000000004102000 	/System/Library/PrivateFrameworks/CoreSymbolication.framework/Versions/A/CoreSymbolication
0x0000000004102000 	/System/Library/PrivateFrameworks/Symbolication.framework/Versions/A/Symbolication
0x0000000004102000 	/System/Library/PrivateFrameworks/SpeechRecognitionCore.framework/Versions/A/SpeechRecognitionCore
0x000000010d000000 	/Library/Java/JavaVirtualMachines/jdk1.8.0_05.jdk/Contents/Home/jre/lib/server/libjvm.dylib
0x0000000004102000 	/usr/lib/libstdc++.6.dylib
0x000000010c736000 	/Library/Java/JavaVirtualMachines/jdk1.8.0_05.jdk/Contents/Home/jre/lib/libverify.dylib
0x000000010c744000 	/Library/Java/JavaVirtualMachines/jdk1.8.0_05.jdk/Contents/Home/jre/lib/libjava.dylib
0x000000010c779000 	/Library/Java/JavaVirtualMachines/jdk1.8.0_05.jdk/Contents/Home/jre/lib/libjdwp.dylib
0x000000010c7c4000 	/Library/Java/JavaVirtualMachines/jdk1.8.0_05.jdk/Contents/Home/jre/lib/libnpt.dylib
0x000000010c7d1000 	/Library/Java/JavaVirtualMachines/jdk1.8.0_05.jdk/Contents/Home/jre/lib/libzip.dylib
0x0000000123f14000 	/System/Library/Frameworks/JavaVM.framework/Frameworks/JavaRuntimeSupport.framework/JavaRuntimeSupport
0x0000000123f2a000 	/System/Library/Frameworks/JavaVM.framework/Versions/A/Frameworks/JavaNativeFoundation.framework/Versions/A/JavaNativeFoundation
0x0000000123f3e000 	/System/Library/Frameworks/JavaVM.framework/Versions/A/JavaVM
0x0000000004102000 	/System/Library/Frameworks/Carbon.framework/Versions/A/Carbon
0x0000000123f4a000 	/System/Library/PrivateFrameworks/JavaLaunching.framework/Versions/A/JavaLaunching
0x0000000004102000 	/System/Library/Frameworks/Carbon.framework/Versions/A/Frameworks/CommonPanels.framework/Versions/A/CommonPanels
0x0000000004102000 	/System/Library/Frameworks/Carbon.framework/Versions/A/Frameworks/Help.framework/Versions/A/Help
0x0000000004102000 	/System/Library/Frameworks/Carbon.framework/Versions/A/Frameworks/ImageCapture.framework/Versions/A/ImageCapture
0x0000000004102000 	/System/Library/Frameworks/Carbon.framework/Versions/A/Frameworks/OpenScripting.framework/Versions/A/OpenScripting
0x0000000004102000 	/System/Library/Frameworks/Carbon.framework/Versions/A/Frameworks/Print.framework/Versions/A/Print
0x0000000004102000 	/System/Library/Frameworks/Carbon.framework/Versions/A/Frameworks/SecurityHI.framework/Versions/A/SecurityHI
0x0000000125855000 	/Library/Java/JavaVirtualMachines/jdk1.8.0_05.jdk/Contents/Home/jre/lib/libdt_socket.dylib
0x0000000126076000 	/Library/Java/JavaVirtualMachines/jdk1.8.0_05.jdk/Contents/Home/jre/lib/libnet.dylib
0x00000001260d4000 	/Library/Java/JavaVirtualMachines/jdk1.8.0_05.jdk/Contents/Home/jre/lib/libnio.dylib

VM Arguments:
jvm_args: -agentlib:jdwp=transport=dt_socket,suspend=y,address=localhost:62238 -Dfile.encoding=UTF-8 
java_command: leetcode.Dijk
java_class_path (initial): /Users/zhuangli/Documents/workspace/leetcode/bin
Launcher Type: SUN_STANDARD

Environment Variables:
PATH=/usr/bin:/bin:/usr/sbin:/sbin
SHELL=/bin/bash
DISPLAY=/private/tmp/com.apple.launchd.t01ivid7TU/org.macosforge.xquartz:0

Signal Handlers:
SIGSEGV: [libjvm.dylib+0x55f7df], sa_mask[0]=0xfffefeff, sa_flags=0x00000043
SIGBUS: [libjvm.dylib+0x55f7df], sa_mask[0]=0xfffefeff, sa_flags=0x00000042
SIGFPE: [libjvm.dylib+0x442cfa], sa_mask[0]=0xfffefeff, sa_flags=0x00000042
SIGPIPE: [libjvm.dylib+0x442cfa], sa_mask[0]=0xfffefeff, sa_flags=0x00000042
SIGXFSZ: [libjvm.dylib+0x442cfa], sa_mask[0]=0xfffefeff, sa_flags=0x00000042
SIGILL: [libjvm.dylib+0x442cfa], sa_mask[0]=0xfffefeff, sa_flags=0x00000042
SIGUSR1: SIG_DFL, sa_mask[0]=0x00000000, sa_flags=0x00000000
SIGUSR2: [libjvm.dylib+0x442818], sa_mask[0]=0x00000004, sa_flags=0x00000042
SIGHUP: [libjvm.dylib+0x440ba5], sa_mask[0]=0xfffefeff, sa_flags=0x00000042
SIGINT: [libjvm.dylib+0x440ba5], sa_mask[0]=0xfffefeff, sa_flags=0x00000042
SIGTERM: [libjvm.dylib+0x440ba5], sa_mask[0]=0xfffefeff, sa_flags=0x00000042
SIGQUIT: [libjvm.dylib+0x440ba5], sa_mask[0]=0xfffefeff, sa_flags=0x00000042


---------------  S Y S T E M  ---------------

OS:Bsduname:Darwin 14.1.0 Darwin Kernel Version 14.1.0: Mon Dec 22 23:10:38 PST 2014; root:xnu-2782.10.72~2/RELEASE_X86_64 x86_64
rlimit: STACK 8192k, CORE 0k, NPROC 709, NOFILE 10240, AS infinity
load average:1.72 2.12 1.95

CPU:total 4 (2 cores per cpu, 2 threads per core) family 6 model 69 stepping 1, cmov, cx8, fxsr, mmx, sse, sse2, sse3, ssse3, sse4.1, sse4.2, popcnt, avx, avx2, aes, clmul, erms, ht, tsc, tscinvbit

Memory: 4k page, physical 8388608k(658336k free)

/proc/meminfo:


vm_info: Java HotSpot(TM) 64-Bit Server VM (25.5-b02) for bsd-amd64 JRE (1.8.0_05-b13), built on Mar 18 2014 00:36:13 by "java_re" with gcc 4.2.1 (Based on Apple Inc. build 5658) (LLVM build 2336.11.00)

time: Sat Apr 11 20:25:16 2015
elapsed time: 491 seconds

