#
# A fatal error has been detected by the Java Runtime Environment:
#
#  SIGSEGV (0xb) at pc=0x000000010a40b62c, pid=1323, tid=16387
#
# JRE version: Java(TM) SE Runtime Environment (8.0_05-b13) (build 1.8.0_05-b13)
# Java VM: Java HotSpot(TM) 64-Bit Server VM (25.5-b02 mixed mode bsd-amd64 compressed oops)
# Problematic frame:
# V  [libjvm.dylib+0x40b62c]  Method::checked_resolve_jmethod_id(_jmethodID*)+0xe
#
# Failed to write core dump. Core dumps have been disabled. To enable core dumping, try "ulimit -c unlimited" before starting Java again
#
# If you would like to submit a bug report, please visit:
#   http://bugreport.sun.com/bugreport/crash.jsp
#

---------------  T H R E A D  ---------------

Current thread (0x00007fbe7180b000):  JavaThread "JDWP Transport Listener: dt_socket" daemon [_thread_in_vm, id=16387, stack(0x00000001228cb000,0x00000001229cb000)]

siginfo:si_signo=SIGSEGV: si_errno=0, si_code=1 (SEGV_MAPERR), si_addr=0x000007fbe7151a79

Registers:
RAX=0x0000000000000001, RBX=0x00000001229caa8b, RCX=0x000000010a7af780, RDX=0x00000001229caa8b
RSP=0x00000001229ca9d0, RBP=0x00000001229ca9e0, RSI=0x00007fbe7180b000, RDI=0x000007fbe7151a79
R8 =0x0000000000000000, R9 =0x00007fbe71500000, R10=0x0000000000000010, R11=0x00007fbe71500000
R12=0x00007fbe7180b000, R13=0x000007fbe7151a79, R14=0x000007fbe7151a79, R15=0x00007fbe71603aa0
RIP=0x000000010a40b62c, EFLAGS=0x0000000000010202, ERR=0x0000000000000004
  TRAPNO=0x000000000000000e

Top of Stack: (sp=0x00000001229ca9d0)
0x00000001229ca9d0:   00000001229caa8b 00000001229caa8b
0x00000001229ca9e0:   00000001229caa40 000000010a32497a
0x00000001229ca9f0:   00007fbe7180b000 0000000000000000
0x00000001229caa00:   0000000000000000 0000000000000000
0x00000001229caa10:   00007fbe7180b000 00007fbe7180b000
0x00000001229caa20:   00000001229caa8b 00000001229caa90
0x00000001229caa30:   000007fbe7151a79 0000000000000004
0x00000001229caa40:   00000001229caa60 00000001097877dc
0x00000001229caa50:   0000000000000001 00000001229cab08
0x00000001229caa60:   00000001229caad0 000000010976c263
0x00000001229caa70:   00000001229caaa0 00007fbe7151cf90
0x00000001229caa80:   0000000600000032 0000000a009cab08
0x00000001229caa90:   0000000000000000 0000000000000000
0x00000001229caaa0:   0000000000000000 00000001229cac90
0x00000001229caab0:   000000010978eeca 00007fbe716303c0
0x00000001229caac0:   00000001229cab08 000000010979a588
0x00000001229caad0:   00000001229caae0 000000010976c35c
0x00000001229caae0:   00000001229cad00 00000001097758f6
0x00000001229caaf0:   000029be00000013 00000000000f0200
0x00000001229cab00:   00007fbe716246f0 00000001229cac21
0x00000001229cab10:   00007fbe00000063 00000001229cab20
0x00000001229cab20:   00007fbe000000c9 00000001229cab58
0x00000001229cab30:   0000000000000000 00007f0000000000
0x00000001229cab40:   000029be0000001c 00007fff00004f80
0x00000001229cab50:   00000001229cab58 be7f000006000000
0x00000001229cab60:   06000000a0bc5171 00003e74696e693c
0x00000001229cab70:   0000005629280300 7f00000100000000
0x00000001229cab80:   000000a8bc5171be 0000006e69616d04
0x00000001229cab90:   6176616a4c5b2816 74532f676e616c2f
0x00000001229caba0:   0056293b676e6972 0009000000000000
0x00000001229cabb0:   00c0bc5171be7f00 6b636568630b0000
0x00000001229cabc0:   0000737361506649 6176616a4c281500 

Instructions: (pc=0x000000010a40b62c)
0x000000010a40b60c:   40 48 48 85 c0 75 e0 30 c0 0f b6 c0 5d c3 31 c0
0x000000010a40b61c:   5d c3 55 48 89 e5 53 48 83 ec 08 48 85 ff 74 24
0x000000010a40b62c:   48 8b 1f 48 85 db 74 1c 48 83 fb 37 74 16 48 8b
0x000000010a40b63c:   03 48 89 df ff 50 08 84 c0 b8 00 00 00 00 48 0f 

Register to memory mapping:

RAX=0x0000000000000001 is an unknown value
RBX=0x00000001229caa8b is pointing into the stack for thread: 0x00007fbe7180b000
RCX=0x000000010a7af780: UseMembar+0 in /Library/Java/JavaVirtualMachines/jdk1.8.0_05.jdk/Contents/Home/jre/lib/server/libjvm.dylib at 0x000000010a000000
RDX=0x00000001229caa8b is pointing into the stack for thread: 0x00007fbe7180b000
RSP=0x00000001229ca9d0 is pointing into the stack for thread: 0x00007fbe7180b000
RBP=0x00000001229ca9e0 is pointing into the stack for thread: 0x00007fbe7180b000
RSI=0x00007fbe7180b000 is a thread
RDI=0x000007fbe7151a79 is an unknown value
R8 =0x0000000000000000 is an unknown value
R9 =0x00007fbe71500000 is an unknown value
R10=0x0000000000000010 is an unknown value
R11=0x00007fbe71500000 is an unknown value
R12=0x00007fbe7180b000 is a thread
R13=0x000007fbe7151a79 is an unknown value
R14=0x000007fbe7151a79 is an unknown value
R15=0x00007fbe71603aa0 is an unknown value


Stack: [0x00000001228cb000,0x00000001229cb000],  sp=0x00000001229ca9d0,  free space=1022k
Native frames: (J=compiled Java code, j=interpreted, Vv=VM code, C=native code)
V  [libjvm.dylib+0x40b62c]  Method::checked_resolve_jmethod_id(_jmethodID*)+0xe
V  [libjvm.dylib+0x32497a]  jvmti_IsMethodSynthetic+0xb2
C  [libjdwp.dylib+0x207dc]  isMethodSynthetic+0x63
C  [libjdwp.dylib+0x5263]  methods1+0x10b
C  [libjdwp.dylib+0x535c]  methodsWithGeneric+0xe
C  [libjdwp.dylib+0xe8f6]  debugLoop_run+0x1ce
C  [libjdwp.dylib+0x1f716]  attachThread+0x4d
V  [libjvm.dylib+0x3659ea]  JvmtiAgentThread::call_start_function()+0x38
V  [libjvm.dylib+0x51ccf5]  JavaThread::thread_main_inner()+0x9b
V  [libjvm.dylib+0x51e432]  JavaThread::run()+0x1c2
V  [libjvm.dylib+0x445426]  java_start(Thread*)+0xf6
C  [libsystem_pthread.dylib+0x3268]  _pthread_body+0x83
C  [libsystem_pthread.dylib+0x31e5]  _pthread_body+0x0
C  [libsystem_pthread.dylib+0x141d]  thread_start+0xd


---------------  P R O C E S S  ---------------

Java Threads: ( => current thread )
  0x00007fbe72856800 JavaThread "Service Thread" daemon [_thread_blocked, id=19459, stack(0x0000000122edd000,0x0000000122fdd000)]
  0x00007fbe71809000 JavaThread "C1 CompilerThread2" daemon [_thread_blocked, id=18947, stack(0x0000000122dda000,0x0000000122eda000)]
  0x00007fbe71811000 JavaThread "C2 CompilerThread1" daemon [_thread_blocked, id=18435, stack(0x0000000122cd7000,0x0000000122dd7000)]
  0x00007fbe73024800 JavaThread "C2 CompilerThread0" daemon [_thread_blocked, id=17923, stack(0x0000000122bd4000,0x0000000122cd4000)]
  0x00007fbe72855000 JavaThread "JDWP Command Reader" daemon [_thread_in_native, id=17411, stack(0x0000000122ad1000,0x0000000122bd1000)]
  0x00007fbe72833000 JavaThread "JDWP Event Helper Thread" daemon [_thread_blocked, id=16899, stack(0x00000001229ce000,0x0000000122ace000)]
=>0x00007fbe7180b000 JavaThread "JDWP Transport Listener: dt_socket" daemon [_thread_in_vm, id=16387, stack(0x00000001228cb000,0x00000001229cb000)]
  0x00007fbe7180d000 JavaThread "Signal Dispatcher" daemon [_thread_blocked, id=12815, stack(0x00000001227c1000,0x00000001228c1000)]
  0x00007fbe7201b000 JavaThread "Finalizer" daemon [_thread_blocked, id=11523, stack(0x0000000120f0d000,0x000000012100d000)]
  0x00007fbe7201a800 JavaThread "Reference Handler" daemon [_thread_blocked, id=11011, stack(0x0000000120e0a000,0x0000000120f0a000)]
  0x00007fbe72004800 JavaThread "main" [_thread_blocked, id=4867, stack(0x000000010aec1000,0x000000010afc1000)]

Other Threads:
  0x00007fbe72015800 VMThread [stack: 0x0000000120d07000,0x0000000120e07000] [id=10499]
  0x00007fbe72855800 WatcherThread [stack: 0x0000000122fe0000,0x00000001230e0000] [id=19971]

VM state:not at safepoint (normal execution)

VM Mutex/Monitor currently owned by a thread: None

Heap:
 PSYoungGen      total 1024K, used 517K [0x0000000795580000, 0x0000000795700000, 0x00000007c0000000)
  eden space 512K, 1% used [0x0000000795580000,0x0000000795581550,0x0000000795600000)
  from space 512K, 100% used [0x0000000795680000,0x0000000795700000,0x0000000795700000)
  to   space 512K, 0% used [0x0000000795600000,0x0000000795600000,0x0000000795680000)
 ParOldGen       total 129536K, used 136K [0x0000000740000000, 0x0000000747e80000, 0x0000000795580000)
  object space 129536K, 0% used [0x0000000740000000,0x0000000740022000,0x0000000747e80000)
 Metaspace       used 3558K, capacity 4602K, committed 4864K, reserved 1056768K
  class space    used 403K, capacity 426K, committed 512K, reserved 1048576K

Card table byte_map: [0x000000011a383000,0x000000011a784000] byte_map_base: 0x0000000116983000

Marking Bits: (ParMarkBitMap*) 0x000000010a8660a0
 Begin Bits: [0x000000011ae3b000, 0x000000011ce3b000)
 End Bits:   [0x000000011ce3b000, 0x000000011ee3b000)

Polling page: 0x0000000109766000

CodeCache: size=245760Kb used=1199Kb max_used=1211Kb free=244560Kb
 bounds [0x000000010afc3000, 0x000000010b233000, 0x0000000119fc3000]
 total_blobs=309 nmethods=66 adapters=167
 compilation: enabled

Compilation events (10 events):
Event: 0.319 Thread 0x00007fbe71809000   62       1       java.util.regex.Pattern::flags (5 bytes)
Event: 0.319 Thread 0x00007fbe71809000 nmethod 62 0x000000010b0ed890 code [0x000000010b0ed9e0, 0x000000010b0edaf0]
Event: 0.319 Thread 0x00007fbe71809000   63       3       java.lang.Character::isBmpCodePoint (13 bytes)
Event: 0.319 Thread 0x00007fbe71809000 nmethod 63 0x000000010b0edb50 code [0x000000010b0edca0, 0x000000010b0ede30]
Event: 0.319 Thread 0x00007fbe71809000   64       3       java.util.regex.Pattern::next (33 bytes)
Event: 0.319 Thread 0x00007fbe71809000 nmethod 64 0x000000010b0ede90 code [0x000000010b0ee000, 0x000000010b0ee2c8]
Event: 0.323 Thread 0x00007fbe71809000   65       1       java.nio.Buffer::position (5 bytes)
Event: 0.323 Thread 0x00007fbe73024800   66       4       java.lang.String::hashCode (55 bytes)
Event: 0.323 Thread 0x00007fbe71809000 nmethod 65 0x000000010b0ee810 code [0x000000010b0ee960, 0x000000010b0eea70]
Event: 0.326 Thread 0x00007fbe73024800 nmethod 66 0x000000010b0f1850 code [0x000000010b0f19a0, 0x000000010b0f1b38]

GC Heap History (4 events):
Event: 0.252 GC heap before
{Heap before GC invocations=1 (full 0):
 PSYoungGen      total 1024K, used 512K [0x0000000795580000, 0x0000000795700000, 0x00000007c0000000)
  eden space 512K, 100% used [0x0000000795580000,0x0000000795600000,0x0000000795600000)
  from space 512K, 0% used [0x0000000795680000,0x0000000795680000,0x0000000795700000)
  to   space 512K, 0% used [0x0000000795600000,0x0000000795600000,0x0000000795680000)
 ParOldGen       total 129536K, used 0K [0x0000000740000000, 0x0000000747e80000, 0x0000000795580000)
  object space 129536K, 0% used [0x0000000740000000,0x0000000740000000,0x0000000747e80000)
 Metaspace       used 2518K, capacity 4480K, committed 4480K, reserved 1056768K
  class space    used 268K, capacity 384K, committed 384K, reserved 1048576K
Event: 0.255 GC heap after
Heap after GC invocations=1 (full 0):
 PSYoungGen      total 1024K, used 448K [0x0000000795580000, 0x0000000795700000, 0x00000007c0000000)
  eden space 512K, 0% used [0x0000000795580000,0x0000000795580000,0x0000000795600000)
  from space 512K, 87% used [0x0000000795600000,0x0000000795670020,0x0000000795680000)
  to   space 512K, 0% used [0x0000000795680000,0x0000000795680000,0x0000000795700000)
 ParOldGen       total 129536K, used 8K [0x0000000740000000, 0x0000000747e80000, 0x0000000795580000)
  object space 129536K, 0% used [0x0000000740000000,0x0000000740002000,0x0000000747e80000)
 Metaspace       used 2518K, capacity 4480K, committed 4480K, reserved 1056768K
  class space    used 268K, capacity 384K, committed 384K, reserved 1048576K
}
Event: 283.649 GC heap before
{Heap before GC invocations=2 (full 0):
 PSYoungGen      total 1024K, used 960K [0x0000000795580000, 0x0000000795700000, 0x00000007c0000000)
  eden space 512K, 100% used [0x0000000795580000,0x0000000795600000,0x0000000795600000)
  from space 512K, 87% used [0x0000000795600000,0x0000000795670020,0x0000000795680000)
  to   space 512K, 0% used [0x0000000795680000,0x0000000795680000,0x0000000795700000)
 ParOldGen       total 129536K, used 8K [0x0000000740000000, 0x0000000747e80000, 0x0000000795580000)
  object space 129536K, 0% used [0x0000000740000000,0x0000000740002000,0x0000000747e80000)
 Metaspace       used 3538K, capacity 4534K, committed 4864K, reserved 1056768K
  class space    used 402K, capacity 426K, committed 512K, reserved 1048576K
Event: 283.650 GC heap after
Heap after GC invocations=2 (full 0):
 PSYoungGen      total 1024K, used 512K [0x0000000795580000, 0x0000000795700000, 0x00000007c0000000)
  eden space 512K, 0% used [0x0000000795580000,0x0000000795580000,0x0000000795600000)
  from space 512K, 100% used [0x0000000795680000,0x0000000795700000,0x0000000795700000)
  to   space 512K, 0% used [0x0000000795600000,0x0000000795600000,0x0000000795680000)
 ParOldGen       total 129536K, used 136K [0x0000000740000000, 0x0000000747e80000, 0x0000000795580000)
  object space 129536K, 0% used [0x0000000740000000,0x0000000740022000,0x0000000747e80000)
 Metaspace       used 3538K, capacity 4534K, committed 4864K, reserved 1056768K
  class space    used 402K, capacity 426K, committed 512K, reserved 1048576K
}

Deoptimization events (0 events):
No events

Internal exceptions (9 events):
Event: 0.057 Thread 0x00007fbe72004800 Exception <a 'java/lang/NoSuchMethodError': Method sun.misc.Unsafe.defineClass(Ljava/lang/String;[BII)Ljava/lang/Class; name or signature does not match> (0x0000000795594a80) thrown at [/HUDSON/workspace/8-2-build-macosx-x86_64/jdk8u5/2488/hotspot/src/sha
Event: 0.057 Thread 0x00007fbe72004800 Exception <a 'java/lang/NoSuchMethodError': Method sun.misc.Unsafe.prefetchRead(Ljava/lang/Object;J)V name or signature does not match> (0x0000000795594d10) thrown at [/HUDSON/workspace/8-2-build-macosx-x86_64/jdk8u5/2488/hotspot/src/share/vm/prims/jni.cp
Event: 0.267 Thread 0x00007fbe72004800 Exception <a 'java/security/PrivilegedActionException'> (0x000000079559f2f0) thrown at [/HUDSON/workspace/8-2-build-macosx-x86_64/jdk8u5/2488/hotspot/src/share/vm/prims/jvm.cpp, line 1248]
Event: 0.300 Thread 0x00007fbe72004800 Exception <a 'java/security/PrivilegedActionException'> (0x00000007955d59a0) thrown at [/HUDSON/workspace/8-2-build-macosx-x86_64/jdk8u5/2488/hotspot/src/share/vm/prims/jvm.cpp, line 1248]
Event: 0.300 Thread 0x00007fbe72004800 Exception <a 'java/security/PrivilegedActionException'> (0x00000007955d5ce8) thrown at [/HUDSON/workspace/8-2-build-macosx-x86_64/jdk8u5/2488/hotspot/src/share/vm/prims/jvm.cpp, line 1248]
Event: 0.300 Thread 0x00007fbe72004800 Exception <a 'java/security/PrivilegedActionException'> (0x00000007955d9130) thrown at [/HUDSON/workspace/8-2-build-macosx-x86_64/jdk8u5/2488/hotspot/src/share/vm/prims/jvm.cpp, line 1248]
Event: 0.300 Thread 0x00007fbe72004800 Exception <a 'java/security/PrivilegedActionException'> (0x00000007955d9478) thrown at [/HUDSON/workspace/8-2-build-macosx-x86_64/jdk8u5/2488/hotspot/src/share/vm/prims/jvm.cpp, line 1248]
Event: 0.310 Thread 0x00007fbe72004800 Exception <a 'java/security/PrivilegedActionException'> (0x00000007955edaf8) thrown at [/HUDSON/workspace/8-2-build-macosx-x86_64/jdk8u5/2488/hotspot/src/share/vm/prims/jvm.cpp, line 1248]
Event: 0.310 Thread 0x00007fbe72004800 Exception <a 'java/security/PrivilegedActionException'> (0x00000007955eef08) thrown at [/HUDSON/workspace/8-2-build-macosx-x86_64/jdk8u5/2488/hotspot/src/share/vm/prims/jvm.cpp, line 1248]

Events (10 events):
Event: 484.563 Executing VM operation: GetCurrentLocation
Event: 484.563 Executing VM operation: GetCurrentLocation done
Event: 484.563 Executing VM operation: EnterInterpOnlyMode
Event: 484.563 Executing VM operation: EnterInterpOnlyMode done
Event: 484.563 Executing VM operation: ChangeSingleStep
Event: 484.563 Executing VM operation: ChangeSingleStep done
Event: 484.564 Executing VM operation: ChangeSingleStep
Event: 484.564 Executing VM operation: ChangeSingleStep done
Event: 484.565 Executing VM operation: RedefineClasses
Event: 484.565 Executing VM operation: RedefineClasses done


Dynamic libraries:
0x0000000004102000 	/System/Library/Frameworks/Cocoa.framework/Versions/A/Cocoa
0x0000000004102000 	/System/Library/Frameworks/Security.framework/Versions/A/Security
0x0000000004102000 	/System/Library/Frameworks/ApplicationServices.framework/Versions/A/ApplicationServices
0x0000000004102000 	/usr/lib/libz.1.dylib
0x0000000004102000 	/usr/lib/libSystem.B.dylib
0x0000000004102000 	/usr/lib/libobjc.A.dylib
0x0000000004102000 	/System/Library/Frameworks/CoreFoundation.framework/Versions/A/CoreFoundation
0x0000000004102000 	/System/Library/Frameworks/Foundation.framework/Versions/C/Foundation
0x0000000004102000 	/System/Library/Frameworks/AppKit.framework/Versions/C/AppKit
0x0000000004102000 	/System/Library/Frameworks/CoreData.framework/Versions/A/CoreData
0x0000000004102000 	/System/Library/PrivateFrameworks/RemoteViewServices.framework/Versions/A/RemoteViewServices
0x0000000004102000 	/System/Library/PrivateFrameworks/UIFoundation.framework/Versions/A/UIFoundation
0x0000000004102000 	/System/Library/Frameworks/IOSurface.framework/Versions/A/IOSurface
0x0000000004102000 	/System/Library/Frameworks/AudioToolbox.framework/Versions/A/AudioToolbox
0x0000000004102000 	/System/Library/Frameworks/AudioUnit.framework/Versions/A/AudioUnit
0x0000000004102000 	/System/Library/PrivateFrameworks/DataDetectorsCore.framework/Versions/A/DataDetectorsCore
0x0000000004102000 	/System/Library/PrivateFrameworks/DesktopServicesPriv.framework/Versions/A/DesktopServicesPriv
0x0000000004102000 	/System/Library/Frameworks/Carbon.framework/Versions/A/Frameworks/HIToolbox.framework/Versions/A/HIToolbox
0x0000000004102000 	/System/Library/Frameworks/QuartzCore.framework/Versions/A/QuartzCore
0x0000000004102000 	/System/Library/Frameworks/Carbon.framework/Versions/A/Frameworks/SpeechRecognition.framework/Versions/A/SpeechRecognition
0x0000000004102000 	/usr/lib/libauto.dylib
0x0000000004102000 	/usr/lib/libicucore.A.dylib
0x0000000004102000 	/usr/lib/libxml2.2.dylib
0x0000000004102000 	/System/Library/PrivateFrameworks/CoreUI.framework/Versions/A/CoreUI
0x0000000004102000 	/System/Library/Frameworks/CoreAudio.framework/Versions/A/CoreAudio
0x0000000004102000 	/System/Library/Frameworks/DiskArbitration.framework/Versions/A/DiskArbitration
0x0000000004102000 	/usr/lib/liblangid.dylib
0x0000000004102000 	/System/Library/PrivateFrameworks/MultitouchSupport.framework/Versions/A/MultitouchSupport
0x0000000004102000 	/System/Library/Frameworks/IOKit.framework/Versions/A/IOKit
0x0000000004102000 	/usr/lib/libDiagnosticMessagesClient.dylib
0x0000000004102000 	/System/Library/Frameworks/CoreServices.framework/Versions/A/CoreServices
0x0000000004102000 	/System/Library/PrivateFrameworks/PerformanceAnalysis.framework/Versions/A/PerformanceAnalysis
0x0000000004102000 	/System/Library/PrivateFrameworks/GenerationalStorage.framework/Versions/A/GenerationalStorage
0x0000000004102000 	/System/Library/Frameworks/OpenGL.framework/Versions/A/OpenGL
0x0000000004102000 	/System/Library/PrivateFrameworks/Sharing.framework/Versions/A/Sharing
0x0000000004102000 	/System/Library/Frameworks/CoreGraphics.framework/Versions/A/CoreGraphics
0x0000000004102000 	/System/Library/Frameworks/CoreText.framework/Versions/A/CoreText
0x0000000004102000 	/System/Library/Frameworks/ImageIO.framework/Versions/A/ImageIO
0x0000000004102000 	/usr/lib/libextension.dylib
0x0000000004102000 	/System/Library/PrivateFrameworks/Backup.framework/Versions/A/Backup
0x0000000004102000 	/usr/lib/libarchive.2.dylib
0x0000000004102000 	/System/Library/Frameworks/CFNetwork.framework/Versions/A/CFNetwork
0x0000000004102000 	/System/Library/Frameworks/SystemConfiguration.framework/Versions/A/SystemConfiguration
0x0000000004102000 	/usr/lib/libCRFSuite.dylib
0x0000000004102000 	/usr/lib/libc++.1.dylib
0x0000000004102000 	/usr/lib/libc++abi.dylib
0x0000000004102000 	/usr/lib/system/libcache.dylib
0x0000000004102000 	/usr/lib/system/libcommonCrypto.dylib
0x0000000004102000 	/usr/lib/system/libcompiler_rt.dylib
0x0000000004102000 	/usr/lib/system/libcopyfile.dylib
0x0000000004102000 	/usr/lib/system/libcorecrypto.dylib
0x0000000004102000 	/usr/lib/system/libdispatch.dylib
0x0000000004102000 	/usr/lib/system/libdyld.dylib
0x0000000004102000 	/usr/lib/system/libkeymgr.dylib
0x0000000004102000 	/usr/lib/system/liblaunch.dylib
0x0000000004102000 	/usr/lib/system/libmacho.dylib
0x0000000004102000 	/usr/lib/system/libquarantine.dylib
0x0000000004102000 	/usr/lib/system/libremovefile.dylib
0x0000000004102000 	/usr/lib/system/libsystem_asl.dylib
0x0000000004102000 	/usr/lib/system/libsystem_blocks.dylib
0x0000000004102000 	/usr/lib/system/libsystem_c.dylib
0x0000000004102000 	/usr/lib/system/libsystem_configuration.dylib
0x0000000004102000 	/usr/lib/system/libsystem_coreservices.dylib
0x0000000004102000 	/usr/lib/system/libsystem_coretls.dylib
0x0000000004102000 	/usr/lib/system/libsystem_dnssd.dylib
0x0000000004102000 	/usr/lib/system/libsystem_info.dylib
0x0000000004102000 	/usr/lib/system/libsystem_kernel.dylib
0x0000000004102000 	/usr/lib/system/libsystem_m.dylib
0x0000000004102000 	/usr/lib/system/libsystem_malloc.dylib
0x0000000004102000 	/usr/lib/system/libsystem_network.dylib
0x0000000004102000 	/usr/lib/system/libsystem_networkextension.dylib
0x0000000004102000 	/usr/lib/system/libsystem_notify.dylib
0x0000000004102000 	/usr/lib/system/libsystem_platform.dylib
0x0000000004102000 	/usr/lib/system/libsystem_pthread.dylib
0x0000000004102000 	/usr/lib/system/libsystem_sandbox.dylib
0x0000000004102000 	/usr/lib/system/libsystem_secinit.dylib
0x0000000004102000 	/usr/lib/system/libsystem_stats.dylib
0x0000000004102000 	/usr/lib/system/libsystem_trace.dylib
0x0000000004102000 	/usr/lib/system/libunc.dylib
0x0000000004102000 	/usr/lib/system/libunwind.dylib
0x0000000004102000 	/usr/lib/system/libxpc.dylib
0x0000000004102000 	/usr/lib/libbz2.1.0.dylib
0x0000000004102000 	/usr/lib/liblzma.5.dylib
0x0000000004102000 	/usr/lib/libbsm.0.dylib
0x0000000004102000 	/usr/lib/libsqlite3.dylib
0x0000000004102000 	/usr/lib/system/libkxld.dylib
0x0000000004102000 	/usr/lib/libxar.1.dylib
0x0000000004102000 	/usr/lib/libpam.2.dylib
0x0000000004102000 	/usr/lib/libOpenScriptingUtil.dylib
0x0000000004102000 	/System/Library/Frameworks/CoreServices.framework/Versions/A/Frameworks/FSEvents.framework/Versions/A/FSEvents
0x0000000004102000 	/System/Library/Frameworks/CoreServices.framework/Versions/A/Frameworks/CarbonCore.framework/Versions/A/CarbonCore
0x0000000004102000 	/System/Library/Frameworks/CoreServices.framework/Versions/A/Frameworks/Metadata.framework/Versions/A/Metadata
0x0000000004102000 	/System/Library/Frameworks/CoreServices.framework/Versions/A/Frameworks/OSServices.framework/Versions/A/OSServices
0x0000000004102000 	/System/Library/Frameworks/CoreServices.framework/Versions/A/Frameworks/SearchKit.framework/Versions/A/SearchKit
0x0000000004102000 	/System/Library/Frameworks/CoreServices.framework/Versions/A/Frameworks/AE.framework/Versions/A/AE
0x0000000004102000 	/System/Library/Frameworks/CoreServices.framework/Versions/A/Frameworks/LaunchServices.framework/Versions/A/LaunchServices
0x0000000004102000 	/System/Library/Frameworks/CoreServices.framework/Versions/A/Frameworks/DictionaryServices.framework/Versions/A/DictionaryServices
0x0000000004102000 	/System/Library/Frameworks/NetFS.framework/Versions/A/NetFS
0x0000000004102000 	/System/Library/PrivateFrameworks/NetAuth.framework/Versions/A/NetAuth
0x0000000004102000 	/System/Library/PrivateFrameworks/login.framework/Versions/A/Frameworks/loginsupport.framework/Versions/A/loginsupport
0x0000000004102000 	/System/Library/PrivateFrameworks/TCC.framework/Versions/A/TCC
0x0000000004102000 	/usr/lib/libmecabra.dylib
0x0000000004102000 	/System/Library/Frameworks/ApplicationServices.framework/Versions/A/Frameworks/ATS.framework/Versions/A/ATS
0x0000000004102000 	/System/Library/Frameworks/ApplicationServices.framework/Versions/A/Frameworks/ColorSync.framework/Versions/A/ColorSync
0x0000000004102000 	/System/Library/Frameworks/ApplicationServices.framework/Versions/A/Frameworks/HIServices.framework/Versions/A/HIServices
0x0000000004102000 	/System/Library/Frameworks/ApplicationServices.framework/Versions/A/Frameworks/LangAnalysis.framework/Versions/A/LangAnalysis
0x0000000004102000 	/System/Library/Frameworks/ApplicationServices.framework/Versions/A/Frameworks/PrintCore.framework/Versions/A/PrintCore
0x0000000004102000 	/System/Library/Frameworks/ApplicationServices.framework/Versions/A/Frameworks/QD.framework/Versions/A/QD
0x0000000004102000 	/System/Library/Frameworks/ApplicationServices.framework/Versions/A/Frameworks/SpeechSynthesis.framework/Versions/A/SpeechSynthesis
0x0000000004102000 	/System/Library/Frameworks/Accelerate.framework/Versions/A/Accelerate
0x0000000004102000 	/System/Library/Frameworks/Accelerate.framework/Versions/A/Frameworks/vImage.framework/Versions/A/vImage
0x0000000004102000 	/System/Library/Frameworks/Accelerate.framework/Versions/A/Frameworks/vecLib.framework/Versions/A/vecLib
0x0000000004102000 	/System/Library/Frameworks/Accelerate.framework/Versions/A/Frameworks/vecLib.framework/Versions/A/libvDSP.dylib
0x0000000004102000 	/System/Library/Frameworks/Accelerate.framework/Versions/A/Frameworks/vecLib.framework/Versions/A/libvMisc.dylib
0x0000000004102000 	/System/Library/Frameworks/Accelerate.framework/Versions/A/Frameworks/vecLib.framework/Versions/A/libLAPACK.dylib
0x0000000004102000 	/System/Library/Frameworks/Accelerate.framework/Versions/A/Frameworks/vecLib.framework/Versions/A/libBLAS.dylib
0x0000000004102000 	/System/Library/Frameworks/Accelerate.framework/Versions/A/Frameworks/vecLib.framework/Versions/A/libLinearAlgebra.dylib
0x0000000004102000 	/System/Library/Frameworks/ApplicationServices.framework/Versions/A/Frameworks/ATS.framework/Versions/A/Resources/libFontParser.dylib
0x0000000004102000 	/System/Library/Frameworks/ApplicationServices.framework/Versions/A/Frameworks/ATS.framework/Versions/A/Resources/libFontRegistry.dylib
0x0000000004102000 	/System/Library/PrivateFrameworks/AppleVPA.framework/Versions/A/AppleVPA
0x0000000004102000 	/System/Library/PrivateFrameworks/AppleJPEG.framework/Versions/A/AppleJPEG
0x0000000004102000 	/System/Library/Frameworks/ImageIO.framework/Versions/A/Resources/libJPEG.dylib
0x0000000004102000 	/System/Library/Frameworks/ImageIO.framework/Versions/A/Resources/libTIFF.dylib
0x0000000004102000 	/System/Library/Frameworks/ImageIO.framework/Versions/A/Resources/libPng.dylib
0x0000000004102000 	/System/Library/Frameworks/ImageIO.framework/Versions/A/Resources/libGIF.dylib
0x0000000004102000 	/System/Library/Frameworks/ImageIO.framework/Versions/A/Resources/libJP2.dylib
0x0000000004102000 	/System/Library/Frameworks/ImageIO.framework/Versions/A/Resources/libRadiance.dylib
0x0000000004102000 	/System/Library/Frameworks/CoreVideo.framework/Versions/A/CoreVideo
0x0000000004102000 	/System/Library/Frameworks/OpenGL.framework/Versions/A/Libraries/libGLU.dylib
0x0000000004102000 	/System/Library/Frameworks/OpenGL.framework/Versions/A/Libraries/libGFXShared.dylib
0x0000000004102000 	/System/Library/Frameworks/OpenGL.framework/Versions/A/Libraries/libGL.dylib
0x0000000004102000 	/System/Library/Frameworks/OpenGL.framework/Versions/A/Libraries/libGLImage.dylib
0x0000000004102000 	/System/Library/Frameworks/OpenGL.framework/Versions/A/Libraries/libCVMSPluginSupport.dylib
0x0000000004102000 	/System/Library/Frameworks/OpenGL.framework/Versions/A/Libraries/libCoreVMClient.dylib
0x0000000004102000 	/usr/lib/libcups.2.dylib
0x0000000004102000 	/System/Library/Frameworks/Kerberos.framework/Versions/A/Kerberos
0x0000000004102000 	/System/Library/Frameworks/GSS.framework/Versions/A/GSS
0x0000000004102000 	/usr/lib/libresolv.9.dylib
0x0000000004102000 	/usr/lib/libiconv.2.dylib
0x0000000004102000 	/System/Library/PrivateFrameworks/Heimdal.framework/Versions/A/Heimdal
0x0000000004102000 	/usr/lib/libheimdal-asn1.dylib
0x0000000004102000 	/System/Library/Frameworks/OpenDirectory.framework/Versions/A/OpenDirectory
0x0000000004102000 	/System/Library/PrivateFrameworks/CommonAuth.framework/Versions/A/CommonAuth
0x0000000004102000 	/System/Library/Frameworks/OpenDirectory.framework/Versions/A/Frameworks/CFOpenDirectory.framework/Versions/A/CFOpenDirectory
0x0000000004102000 	/System/Library/Frameworks/SecurityFoundation.framework/Versions/A/SecurityFoundation
0x0000000004102000 	/System/Library/PrivateFrameworks/LanguageModeling.framework/Versions/A/LanguageModeling
0x0000000004102000 	/usr/lib/libcmph.dylib
0x0000000004102000 	/System/Library/Frameworks/ServiceManagement.framework/Versions/A/ServiceManagement
0x0000000004102000 	/usr/lib/libxslt.1.dylib
0x0000000004102000 	/System/Library/Frameworks/Carbon.framework/Versions/A/Frameworks/Ink.framework/Versions/A/Ink
0x0000000004102000 	/System/Library/Frameworks/QuartzCore.framework/Versions/A/Frameworks/CoreImage.framework/Versions/A/CoreImage
0x0000000004102000 	/System/Library/PrivateFrameworks/CrashReporterSupport.framework/Versions/A/CrashReporterSupport
0x0000000004102000 	/System/Library/Frameworks/OpenCL.framework/Versions/A/OpenCL
0x0000000004102000 	/System/Library/PrivateFrameworks/FaceCore.framework/Versions/A/FaceCore
0x0000000004102000 	/System/Library/PrivateFrameworks/Ubiquity.framework/Versions/A/Ubiquity
0x0000000004102000 	/System/Library/PrivateFrameworks/IconServices.framework/Versions/A/IconServices
0x0000000004102000 	/System/Library/PrivateFrameworks/ChunkingLibrary.framework/Versions/A/ChunkingLibrary
0x0000000004102000 	/System/Library/PrivateFrameworks/Apple80211.framework/Versions/A/Apple80211
0x0000000004102000 	/System/Library/Frameworks/CoreWLAN.framework/Versions/A/CoreWLAN
0x0000000004102000 	/System/Library/Frameworks/IOBluetooth.framework/Versions/A/IOBluetooth
0x0000000004102000 	/System/Library/PrivateFrameworks/CoreWiFi.framework/Versions/A/CoreWiFi
0x0000000004102000 	/System/Library/Frameworks/CoreBluetooth.framework/Versions/A/CoreBluetooth
0x0000000004102000 	/System/Library/PrivateFrameworks/DebugSymbols.framework/Versions/A/DebugSymbols
0x0000000004102000 	/System/Library/PrivateFrameworks/CoreSymbolication.framework/Versions/A/CoreSymbolication
0x0000000004102000 	/System/Library/PrivateFrameworks/Symbolication.framework/Versions/A/Symbolication
0x0000000004102000 	/System/Library/PrivateFrameworks/SpeechRecognitionCore.framework/Versions/A/SpeechRecognitionCore
0x000000010a000000 	/Library/Java/JavaVirtualMachines/jdk1.8.0_05.jdk/Contents/Home/jre/lib/server/libjvm.dylib
0x0000000004102000 	/usr/lib/libstdc++.6.dylib
0x0000000109724000 	/Library/Java/JavaVirtualMachines/jdk1.8.0_05.jdk/Contents/Home/jre/lib/libverify.dylib
0x0000000109732000 	/Library/Java/JavaVirtualMachines/jdk1.8.0_05.jdk/Contents/Home/jre/lib/libjava.dylib
0x0000000109767000 	/Library/Java/JavaVirtualMachines/jdk1.8.0_05.jdk/Contents/Home/jre/lib/libjdwp.dylib
0x00000001097b2000 	/Library/Java/JavaVirtualMachines/jdk1.8.0_05.jdk/Contents/Home/jre/lib/libnpt.dylib
0x00000001097bf000 	/Library/Java/JavaVirtualMachines/jdk1.8.0_05.jdk/Contents/Home/jre/lib/libzip.dylib
0x000000012100f000 	/System/Library/Frameworks/JavaVM.framework/Frameworks/JavaRuntimeSupport.framework/JavaRuntimeSupport
0x0000000121025000 	/System/Library/Frameworks/JavaVM.framework/Versions/A/Frameworks/JavaNativeFoundation.framework/Versions/A/JavaNativeFoundation
0x00000001097f1000 	/System/Library/Frameworks/JavaVM.framework/Versions/A/JavaVM
0x0000000004102000 	/System/Library/Frameworks/Carbon.framework/Versions/A/Carbon
0x0000000121039000 	/System/Library/PrivateFrameworks/JavaLaunching.framework/Versions/A/JavaLaunching
0x0000000004102000 	/System/Library/Frameworks/Carbon.framework/Versions/A/Frameworks/CommonPanels.framework/Versions/A/CommonPanels
0x0000000004102000 	/System/Library/Frameworks/Carbon.framework/Versions/A/Frameworks/Help.framework/Versions/A/Help
0x0000000004102000 	/System/Library/Frameworks/Carbon.framework/Versions/A/Frameworks/ImageCapture.framework/Versions/A/ImageCapture
0x0000000004102000 	/System/Library/Frameworks/Carbon.framework/Versions/A/Frameworks/OpenScripting.framework/Versions/A/OpenScripting
0x0000000004102000 	/System/Library/Frameworks/Carbon.framework/Versions/A/Frameworks/Print.framework/Versions/A/Print
0x0000000004102000 	/System/Library/Frameworks/Carbon.framework/Versions/A/Frameworks/SecurityHI.framework/Versions/A/SecurityHI
0x00000001228c3000 	/Library/Java/JavaVirtualMachines/jdk1.8.0_05.jdk/Contents/Home/jre/lib/libdt_socket.dylib
0x00000001230e4000 	/Library/Java/JavaVirtualMachines/jdk1.8.0_05.jdk/Contents/Home/jre/lib/libnet.dylib
0x0000000123142000 	/Library/Java/JavaVirtualMachines/jdk1.8.0_05.jdk/Contents/Home/jre/lib/libnio.dylib

VM Arguments:
jvm_args: -agentlib:jdwp=transport=dt_socket,suspend=y,address=localhost:62247 -Dfile.encoding=UTF-8 
java_command: leetcode.Dijk
java_class_path (initial): /Users/zhuangli/Documents/workspace/leetcode/bin
Launcher Type: SUN_STANDARD

Environment Variables:
PATH=/usr/bin:/bin:/usr/sbin:/sbin
SHELL=/bin/bash
DISPLAY=/private/tmp/com.apple.launchd.t01ivid7TU/org.macosforge.xquartz:0

Signal Handlers:
SIGSEGV: [libjvm.dylib+0x55f7df], sa_mask[0]=0xfffefeff, sa_flags=0x00000043
SIGBUS: [libjvm.dylib+0x55f7df], sa_mask[0]=0xfffefeff, sa_flags=0x00000042
SIGFPE: [libjvm.dylib+0x442cfa], sa_mask[0]=0xfffefeff, sa_flags=0x00000042
SIGPIPE: [libjvm.dylib+0x442cfa], sa_mask[0]=0xfffefeff, sa_flags=0x00000042
SIGXFSZ: [libjvm.dylib+0x442cfa], sa_mask[0]=0xfffefeff, sa_flags=0x00000042
SIGILL: [libjvm.dylib+0x442cfa], sa_mask[0]=0xfffefeff, sa_flags=0x00000042
SIGUSR1: SIG_DFL, sa_mask[0]=0x00000000, sa_flags=0x00000000
SIGUSR2: [libjvm.dylib+0x442818], sa_mask[0]=0x00000004, sa_flags=0x00000042
SIGHUP: [libjvm.dylib+0x440ba5], sa_mask[0]=0xfffefeff, sa_flags=0x00000042
SIGINT: [libjvm.dylib+0x440ba5], sa_mask[0]=0xfffefeff, sa_flags=0x00000042
SIGTERM: [libjvm.dylib+0x440ba5], sa_mask[0]=0xfffefeff, sa_flags=0x00000042
SIGQUIT: [libjvm.dylib+0x440ba5], sa_mask[0]=0xfffefeff, sa_flags=0x00000042


---------------  S Y S T E M  ---------------

OS:Bsduname:Darwin 14.1.0 Darwin Kernel Version 14.1.0: Mon Dec 22 23:10:38 PST 2014; root:xnu-2782.10.72~2/RELEASE_X86_64 x86_64
rlimit: STACK 8192k, CORE 0k, NPROC 709, NOFILE 10240, AS infinity
load average:1.72 2.12 1.95

CPU:total 4 (2 cores per cpu, 2 threads per core) family 6 model 69 stepping 1, cmov, cx8, fxsr, mmx, sse, sse2, sse3, ssse3, sse4.1, sse4.2, popcnt, avx, avx2, aes, clmul, erms, ht, tsc, tscinvbit

Memory: 4k page, physical 8388608k(645344k free)

/proc/meminfo:


vm_info: Java HotSpot(TM) 64-Bit Server VM (25.5-b02) for bsd-amd64 JRE (1.8.0_05-b13), built on Mar 18 2014 00:36:13 by "java_re" with gcc 4.2.1 (Based on Apple Inc. build 5658) (LLVM build 2336.11.00)

time: Sat Apr 11 20:25:18 2015
elapsed time: 484 seconds

